Build started 16-09-2015 13:09:31.
     1>Project "C:\Users\Felipe\Documents\Visual Studio 2013\Projects\proyecto4bloquesconMPC\proyecto\proyecto.vcxproj" on node 2 (Build target(s)).
     1>C:\Program Files (x86)\MSBuild\Microsoft.Cpp\v4.0\V120\Microsoft.CppBuild.targets(388,5): warning MSB8028: The intermediate directory (Debug\) contains files shared from another project (proyecto.vcxproj).  This can lead to incorrect clean and rebuild behavior.
     1>ClCompile:
         C:\Program Files (x86)\Microsoft Visual Studio 12.0\VC\bin\CL.exe /c /IC:\gurobi604\win32\include /ILinalg /IC:\gurobi603\win64\include /ZI /nologo /W3 /WX- /sdl /Od /Oy- /D WIN32 /D _DEBUG /D _CONSOLE /D _LIB /D _UNICODE /D UNICODE /Gm /EHsc /RTC1 /MTd /GS /fp:precise /Zc:wchar_t /Zc:forScope /Fo"Debug\\" /Fd"Debug\vc120.pdb" /Gd /TP /analyze- /errorReport:prompt Solver.cpp
         Solver.cpp
     1>c:\users\felipe\documents\visual studio 2013\projects\proyecto4bloquesconmpc\proyecto\solver.cpp(16): warning C4244: 'argument' : conversion from 'double' to 'const int', possible loss of data
     1>c:\users\felipe\documents\visual studio 2013\projects\proyecto4bloquesconmpc\proyecto\solver.cpp(23): warning C4018: '<' : signed/unsigned mismatch
     1>c:\users\felipe\documents\visual studio 2013\projects\proyecto4bloquesconmpc\proyecto\solver.cpp(334): warning C4244: 'initializing' : conversion from 'double' to 'int', possible loss of data
       Link:
         C:\Program Files (x86)\Microsoft Visual Studio 12.0\VC\bin\link.exe /ERRORREPORT:PROMPT /OUT:"C:\Users\Felipe\Documents\Visual Studio 2013\Projects\proyecto4bloquesconMPC\proyecto\Debug\proyecto4bloques.exe" /INCREMENTAL /NOLOGO /LIBPATH:C:\gurobi604\win32\lib /LIBPATH:C:\gurobi603\win64\lib /LIBPATH:Linalg C:\gurobi604\win32\lib\gurobi60.lib C:\gurobi604\win32\lib\gurobi_c++mtd2013.lib kernel32.lib user32.lib gdi32.lib winspool.lib comdlg32.lib advapi32.lib shell32.lib ole32.lib oleaut32.lib uuid.lib odbc32.lib odbccp32.lib /MANIFEST /MANIFESTUAC:"level='asInvoker' uiAccess='false'" /manifest:embed /DEBUG /PDB:"C:\Users\Felipe\Documents\Visual Studio 2013\Projects\proyecto4bloquesconMPC\proyecto\Debug\proyecto4bloques.pdb" /SUBSYSTEM:CONSOLE /TLBID:1 /DYNAMICBASE /NXCOMPAT /IMPLIB:"C:\Users\Felipe\Documents\Visual Studio 2013\Projects\proyecto4bloquesconMPC\proyecto\Debug\proyecto4bloques.lib" /MACHINE:X86 Debug\jpError.obj
         Debug\jpMatrix.obj
         Debug\alglibinternal.obj
         Debug\alglibmisc.obj
         Debug\ap.obj
         Debug\dataanalysis.obj
         Debug\diffequations.obj
         Debug\fasttransforms.obj
         Debug\integration.obj
         Debug\interpolation.obj
         Debug\linalg.obj
         Debug\optimization.obj
         Debug\solvers.obj
         Debug\specialfunctions.obj
         Debug\statistics.obj
         Debug\mpc.obj
         Debug\mpcMatrix.obj
         Debug\MpcReader.obj
         Debug\Solver.obj
         Debug\Source.obj
         proyecto.vcxproj -> C:\Users\Felipe\Documents\Visual Studio 2013\Projects\proyecto4bloquesconMPC\proyecto\Debug\proyecto4bloques.exe
     1>Done Building Project "C:\Users\Felipe\Documents\Visual Studio 2013\Projects\proyecto4bloquesconMPC\proyecto\proyecto.vcxproj" (Build target(s)).

Build succeeded.

Time Elapsed 00:00:01.98
