c:\users\felipe\documents\visual studio 2013\projects\proyecto4bloques\proyecto\debug\vc120.pdb
c:\users\felipe\documents\visual studio 2013\projects\proyecto4bloques\proyecto\debug\vc120.idb
c:\users\felipe\documents\visual studio 2013\projects\proyecto4bloques\proyecto\debug\jperror.obj
c:\users\felipe\documents\visual studio 2013\projects\proyecto4bloques\proyecto\debug\jpmatrix.obj
c:\users\felipe\documents\visual studio 2013\projects\proyecto4bloques\proyecto\debug\source.obj
c:\users\felipe\documents\visual studio 2013\projects\proyecto4bloquesconmpc\proyecto\debug\vc120.pdb
c:\users\felipe\documents\visual studio 2013\projects\proyecto4bloquesconmpc\proyecto\debug\vc120.idb
c:\users\felipe\documents\visual studio 2013\projects\proyecto4bloquesconmpc\proyecto\debug\jperror.obj
c:\users\felipe\documents\visual studio 2013\projects\proyecto4bloquesconmpc\proyecto\debug\jpmatrix.obj
c:\users\felipe\documents\visual studio 2013\projects\proyecto4bloquesconmpc\proyecto\debug\source.obj
c:\users\felipe\documents\visual studio 2013\projects\proyecto4bloquesconmpc\proyecto\debug\mpc.obj
c:\users\felipe\documents\visual studio 2013\projects\proyecto4bloquesconmpc\proyecto\debug\mpcreader.obj
c:\users\felipe\documents\visual studio 2013\projects\proyecto4bloquesconmpc\proyecto\debug\mpcmatrix.obj
c:\users\felipe\documents\visual studio 2013\projects\proyecto4bloquesconmpc\proyecto\debug\solver.obj
c:\users\felipe\documents\visual studio 2013\projects\proyecto4bloques\debug\proyecto4bloques.ilk
c:\users\felipe\documents\visual studio 2013\projects\proyecto4bloques\debug\proyecto4bloques.exe
c:\users\felipe\documents\visual studio 2013\projects\proyecto4bloques\debug\proyecto4bloques.pdb
c:\users\felipe\documents\visual studio 2013\projects\proyecto4bloquesconmpc\debug\proyecto4bloques.ilk
c:\users\felipe\documents\visual studio 2013\projects\proyecto4bloquesconmpc\debug\proyecto4bloques.exe
c:\users\felipe\documents\visual studio 2013\projects\proyecto4bloquesconmpc\debug\proyecto4bloques.pdb
c:\users\felipe\documents\visual studio 2013\projects\proyecto4bloquesconmpc\proyecto\debug\planificacion.obj
c:\users\felipe\documents\visual studio 2013\projects\proyecto4bloquesconmpc\proyecto\debug\proyecto4bloques.tlog\cl.command.1.tlog
c:\users\felipe\documents\visual studio 2013\projects\proyecto4bloquesconmpc\proyecto\debug\proyecto4bloques.tlog\cl.read.1.tlog
c:\users\felipe\documents\visual studio 2013\projects\proyecto4bloquesconmpc\proyecto\debug\proyecto4bloques.tlog\cl.write.1.tlog
c:\users\felipe\documents\visual studio 2013\projects\proyecto4bloquesconmpc\proyecto\debug\proyecto4bloques.tlog\link.command.1.tlog
c:\users\felipe\documents\visual studio 2013\projects\proyecto4bloquesconmpc\proyecto\debug\proyecto4bloques.tlog\link.read.1.tlog
c:\users\felipe\documents\visual studio 2013\projects\proyecto4bloquesconmpc\proyecto\debug\proyecto4bloques.tlog\link.write.1.tlog
